<?xml version="1.0" encoding="UTF-8"?>
<testng-results skipped="0" failed="0" total="1" passed="1">
  <reporter-output>
  </reporter-output>
  <suite name="Suite" duration-ms="31" started-at="2021-09-28T21:59:52Z" finished-at="2021-09-28T21:59:52Z">
    <groups>
    </groups>
    <test name="Test" duration-ms="31" started-at="2021-09-28T21:59:52Z" finished-at="2021-09-28T21:59:52Z">
      <class name="Azuredevops.AzureDevops.Test1">
        <test-method status="PASS" signature="f()[pri:0, instance:Azuredevops.AzureDevops.Test1@5a4aa2f2]" name="f" duration-ms="18" started-at="2021-09-28T16:59:52Z" finished-at="2021-09-28T16:59:52Z">
          <reporter-output>
          </reporter-output>
        </test-method> <!-- f -->
      </class> <!-- Azuredevops.AzureDevops.Test1 -->
    </test> <!-- Test -->
  </suite> <!-- Suite -->
</testng-results>
